<?xml version="1.0" encoding="UTF-8"?>
<!-- Generated by org.testng.reporters.JUnitReportReporter -->
<testsuite skipped="0" hostname="QT-INBG-LT0558" name="Qualiframe.Qualiframe.TestClass1" tests="3" failures="0" timestamp="29 Apr 2020 17:04:06 GMT" time="30.661" errors="0">
  <testcase name="Test1" time="9.675" classname="Qualiframe.Qualiframe.TestClass1"/>
  <testcase name="Test3" time="10.853" classname="Qualiframe.Qualiframe.TestClass1"/>
  <testcase name="Test2" time="10.133" classname="Qualiframe.Qualiframe.TestClass1"/>
</testsuite> <!-- Qualiframe.Qualiframe.TestClass1 -->
